::1 - - [02/Apr/2021:17:33:23 +0000] "POST /api/medicine/save-details HTTP/1.1" 201 34 "-" "PostmanRuntime/7.26.8"
::1 - - [02/Apr/2021:17:34:37 +0000] "OPTIONS /api/medicine/save-details HTTP/1.1" 204 0 "http://localhost:3000/" "Mozilla/5.0 (Macintosh; Intel Mac OS X 10_15_4) AppleWebKit/537.36 (KHTML, like Gecko) Chrome/89.0.4389.114 Safari/537.36"
::1 - - [02/Apr/2021:17:34:37 +0000] "POST /api/medicine/save-details HTTP/1.1" 201 34 "http://localhost:3000/" "Mozilla/5.0 (Macintosh; Intel Mac OS X 10_15_4) AppleWebKit/537.36 (KHTML, like Gecko) Chrome/89.0.4389.114 Safari/537.36"
::1 - - [02/Apr/2021:17:35:52 +0000] "POST /api/medicine/save-details HTTP/1.1" 201 34 "-" "PostmanRuntime/7.26.8"
::1 - - [02/Apr/2021:17:37:08 +0000] "OPTIONS /api/medicine/save-details HTTP/1.1" 204 0 "http://localhost:3000/" "Mozilla/5.0 (Macintosh; Intel Mac OS X 10_15_4) AppleWebKit/537.36 (KHTML, like Gecko) Chrome/89.0.4389.114 Safari/537.36"
::1 - - [02/Apr/2021:17:37:08 +0000] "POST /api/medicine/save-details HTTP/1.1" 201 34 "http://localhost:3000/" "Mozilla/5.0 (Macintosh; Intel Mac OS X 10_15_4) AppleWebKit/537.36 (KHTML, like Gecko) Chrome/89.0.4389.114 Safari/537.36"
::1 - - [03/Apr/2021:08:08:42 +0000] "OPTIONS /api/medicine/save-details HTTP/1.1" 204 0 "http://localhost:3000/" "Mozilla/5.0 (Macintosh; Intel Mac OS X 10_15_4) AppleWebKit/537.36 (KHTML, like Gecko) Chrome/89.0.4389.114 Safari/537.36"
::1 - - [03/Apr/2021:08:08:43 +0000] "POST /api/medicine/save-details HTTP/1.1" 201 34 "http://localhost:3000/" "Mozilla/5.0 (Macintosh; Intel Mac OS X 10_15_4) AppleWebKit/537.36 (KHTML, like Gecko) Chrome/89.0.4389.114 Safari/537.36"
::1 - - [03/Apr/2021:08:08:43 +0000] "OPTIONS /api/raw-material/save-details HTTP/1.1" 204 0 "http://localhost:3000/" "Mozilla/5.0 (Macintosh; Intel Mac OS X 10_15_4) AppleWebKit/537.36 (KHTML, like Gecko) Chrome/89.0.4389.114 Safari/537.36"
::1 - - [03/Apr/2021:08:08:44 +0000] "POST /api/raw-material/save-details HTTP/1.1" 201 34 "http://localhost:3000/" "Mozilla/5.0 (Macintosh; Intel Mac OS X 10_15_4) AppleWebKit/537.36 (KHTML, like Gecko) Chrome/89.0.4389.114 Safari/537.36"
::1 - - [03/Apr/2021:08:11:39 +0000] "OPTIONS /api/medicine/save-details HTTP/1.1" 204 0 "http://localhost:3000/" "Mozilla/5.0 (Macintosh; Intel Mac OS X 10_15_4) AppleWebKit/537.36 (KHTML, like Gecko) Chrome/89.0.4389.114 Safari/537.36"
::1 - - [03/Apr/2021:08:11:40 +0000] "POST /api/medicine/save-details HTTP/1.1" 201 34 "http://localhost:3000/" "Mozilla/5.0 (Macintosh; Intel Mac OS X 10_15_4) AppleWebKit/537.36 (KHTML, like Gecko) Chrome/89.0.4389.114 Safari/537.36"
::1 - - [03/Apr/2021:08:11:40 +0000] "OPTIONS /api/raw-material/save-details HTTP/1.1" 204 0 "http://localhost:3000/" "Mozilla/5.0 (Macintosh; Intel Mac OS X 10_15_4) AppleWebKit/537.36 (KHTML, like Gecko) Chrome/89.0.4389.114 Safari/537.36"
::1 - - [03/Apr/2021:08:11:40 +0000] "POST /api/raw-material/save-details HTTP/1.1" 201 34 "http://localhost:3000/" "Mozilla/5.0 (Macintosh; Intel Mac OS X 10_15_4) AppleWebKit/537.36 (KHTML, like Gecko) Chrome/89.0.4389.114 Safari/537.36"
::1 - - [03/Apr/2021:08:13:14 +0000] "OPTIONS /api/medicine/save-details HTTP/1.1" 204 0 "http://localhost:3000/" "Mozilla/5.0 (Macintosh; Intel Mac OS X 10_15_4) AppleWebKit/537.36 (KHTML, like Gecko) Chrome/89.0.4389.114 Safari/537.36"
::1 - - [03/Apr/2021:08:13:14 +0000] "POST /api/medicine/save-details HTTP/1.1" 201 34 "http://localhost:3000/" "Mozilla/5.0 (Macintosh; Intel Mac OS X 10_15_4) AppleWebKit/537.36 (KHTML, like Gecko) Chrome/89.0.4389.114 Safari/537.36"
::1 - - [03/Apr/2021:08:13:14 +0000] "OPTIONS /api/raw-material/save-details HTTP/1.1" 204 0 "http://localhost:3000/" "Mozilla/5.0 (Macintosh; Intel Mac OS X 10_15_4) AppleWebKit/537.36 (KHTML, like Gecko) Chrome/89.0.4389.114 Safari/537.36"
::1 - - [03/Apr/2021:08:13:14 +0000] "POST /api/raw-material/save-details HTTP/1.1" 201 34 "http://localhost:3000/" "Mozilla/5.0 (Macintosh; Intel Mac OS X 10_15_4) AppleWebKit/537.36 (KHTML, like Gecko) Chrome/89.0.4389.114 Safari/537.36"
::1 - - [04/Apr/2021:08:42:20 +0000] "OPTIONS /api/medicine/save-details HTTP/1.1" 204 0 "http://localhost:3000/" "Mozilla/5.0 (Macintosh; Intel Mac OS X 10_15_4) AppleWebKit/537.36 (KHTML, like Gecko) Chrome/89.0.4389.114 Safari/537.36"
::1 - - [04/Apr/2021:08:42:21 +0000] "POST /api/medicine/save-details HTTP/1.1" 201 34 "http://localhost:3000/" "Mozilla/5.0 (Macintosh; Intel Mac OS X 10_15_4) AppleWebKit/537.36 (KHTML, like Gecko) Chrome/89.0.4389.114 Safari/537.36"
::1 - - [04/Apr/2021:08:42:21 +0000] "OPTIONS /api/raw-material/save-details HTTP/1.1" 204 0 "http://localhost:3000/" "Mozilla/5.0 (Macintosh; Intel Mac OS X 10_15_4) AppleWebKit/537.36 (KHTML, like Gecko) Chrome/89.0.4389.114 Safari/537.36"
::1 - - [04/Apr/2021:08:42:21 +0000] "POST /api/raw-material/save-details HTTP/1.1" 201 34 "http://localhost:3000/" "Mozilla/5.0 (Macintosh; Intel Mac OS X 10_15_4) AppleWebKit/537.36 (KHTML, like Gecko) Chrome/89.0.4389.114 Safari/537.36"
::1 - - [04/Apr/2021:08:42:21 +0000] "OPTIONS /api/transaction/save-details HTTP/1.1" 204 0 "http://localhost:3000/" "Mozilla/5.0 (Macintosh; Intel Mac OS X 10_15_4) AppleWebKit/537.36 (KHTML, like Gecko) Chrome/89.0.4389.114 Safari/537.36"
::1 - - [04/Apr/2021:08:43:17 +0000] "OPTIONS /api/medicine/save-details HTTP/1.1" 204 0 "http://localhost:3000/" "Mozilla/5.0 (Macintosh; Intel Mac OS X 10_15_4) AppleWebKit/537.36 (KHTML, like Gecko) Chrome/89.0.4389.114 Safari/537.36"
::1 - - [04/Apr/2021:08:43:18 +0000] "POST /api/medicine/save-details HTTP/1.1" 201 34 "http://localhost:3000/" "Mozilla/5.0 (Macintosh; Intel Mac OS X 10_15_4) AppleWebKit/537.36 (KHTML, like Gecko) Chrome/89.0.4389.114 Safari/537.36"
::1 - - [04/Apr/2021:08:43:18 +0000] "OPTIONS /api/raw-material/save-details HTTP/1.1" 204 0 "http://localhost:3000/" "Mozilla/5.0 (Macintosh; Intel Mac OS X 10_15_4) AppleWebKit/537.36 (KHTML, like Gecko) Chrome/89.0.4389.114 Safari/537.36"
::1 - - [04/Apr/2021:08:43:19 +0000] "POST /api/raw-material/save-details HTTP/1.1" 201 34 "http://localhost:3000/" "Mozilla/5.0 (Macintosh; Intel Mac OS X 10_15_4) AppleWebKit/537.36 (KHTML, like Gecko) Chrome/89.0.4389.114 Safari/537.36"
::1 - - [04/Apr/2021:08:43:19 +0000] "OPTIONS /api/transaction/save-details HTTP/1.1" 204 0 "http://localhost:3000/" "Mozilla/5.0 (Macintosh; Intel Mac OS X 10_15_4) AppleWebKit/537.36 (KHTML, like Gecko) Chrome/89.0.4389.114 Safari/537.36"
::1 - - [04/Apr/2021:08:43:56 +0000] "OPTIONS /api/medicine/save-details HTTP/1.1" 204 0 "http://localhost:3000/" "Mozilla/5.0 (Macintosh; Intel Mac OS X 10_15_4) AppleWebKit/537.36 (KHTML, like Gecko) Chrome/89.0.4389.114 Safari/537.36"
::1 - - [04/Apr/2021:08:43:57 +0000] "POST /api/medicine/save-details HTTP/1.1" 201 34 "http://localhost:3000/" "Mozilla/5.0 (Macintosh; Intel Mac OS X 10_15_4) AppleWebKit/537.36 (KHTML, like Gecko) Chrome/89.0.4389.114 Safari/537.36"
::1 - - [04/Apr/2021:08:43:57 +0000] "OPTIONS /api/raw-material/save-details HTTP/1.1" 204 0 "http://localhost:3000/" "Mozilla/5.0 (Macintosh; Intel Mac OS X 10_15_4) AppleWebKit/537.36 (KHTML, like Gecko) Chrome/89.0.4389.114 Safari/537.36"
::1 - - [04/Apr/2021:08:43:57 +0000] "POST /api/raw-material/save-details HTTP/1.1" 201 34 "http://localhost:3000/" "Mozilla/5.0 (Macintosh; Intel Mac OS X 10_15_4) AppleWebKit/537.36 (KHTML, like Gecko) Chrome/89.0.4389.114 Safari/537.36"
::1 - - [04/Apr/2021:08:43:57 +0000] "OPTIONS /api/transaction/save-details HTTP/1.1" 204 0 "http://localhost:3000/" "Mozilla/5.0 (Macintosh; Intel Mac OS X 10_15_4) AppleWebKit/537.36 (KHTML, like Gecko) Chrome/89.0.4389.114 Safari/537.36"
::1 - - [04/Apr/2021:08:45:05 +0000] "OPTIONS /api/medicine/save-details HTTP/1.1" 204 0 "http://localhost:3000/" "Mozilla/5.0 (Macintosh; Intel Mac OS X 10_15_4) AppleWebKit/537.36 (KHTML, like Gecko) Chrome/89.0.4389.114 Safari/537.36"
::1 - - [04/Apr/2021:08:45:06 +0000] "POST /api/medicine/save-details HTTP/1.1" 201 34 "http://localhost:3000/" "Mozilla/5.0 (Macintosh; Intel Mac OS X 10_15_4) AppleWebKit/537.36 (KHTML, like Gecko) Chrome/89.0.4389.114 Safari/537.36"
::1 - - [04/Apr/2021:08:45:06 +0000] "OPTIONS /api/raw-material/save-details HTTP/1.1" 204 0 "http://localhost:3000/" "Mozilla/5.0 (Macintosh; Intel Mac OS X 10_15_4) AppleWebKit/537.36 (KHTML, like Gecko) Chrome/89.0.4389.114 Safari/537.36"
::1 - - [04/Apr/2021:08:45:06 +0000] "POST /api/raw-material/save-details HTTP/1.1" 201 34 "http://localhost:3000/" "Mozilla/5.0 (Macintosh; Intel Mac OS X 10_15_4) AppleWebKit/537.36 (KHTML, like Gecko) Chrome/89.0.4389.114 Safari/537.36"
::1 - - [04/Apr/2021:08:45:06 +0000] "OPTIONS /api/transaction/save-details HTTP/1.1" 204 0 "http://localhost:3000/" "Mozilla/5.0 (Macintosh; Intel Mac OS X 10_15_4) AppleWebKit/537.36 (KHTML, like Gecko) Chrome/89.0.4389.114 Safari/537.36"
::1 - - [04/Apr/2021:08:46:40 +0000] "OPTIONS /api/medicine/save-details HTTP/1.1" 204 0 "http://localhost:3000/" "Mozilla/5.0 (Macintosh; Intel Mac OS X 10_15_4) AppleWebKit/537.36 (KHTML, like Gecko) Chrome/89.0.4389.114 Safari/537.36"
::1 - - [04/Apr/2021:08:46:41 +0000] "POST /api/medicine/save-details HTTP/1.1" 201 34 "http://localhost:3000/" "Mozilla/5.0 (Macintosh; Intel Mac OS X 10_15_4) AppleWebKit/537.36 (KHTML, like Gecko) Chrome/89.0.4389.114 Safari/537.36"
::1 - - [04/Apr/2021:08:46:41 +0000] "OPTIONS /api/raw-material/save-details HTTP/1.1" 204 0 "http://localhost:3000/" "Mozilla/5.0 (Macintosh; Intel Mac OS X 10_15_4) AppleWebKit/537.36 (KHTML, like Gecko) Chrome/89.0.4389.114 Safari/537.36"
::1 - - [04/Apr/2021:08:46:41 +0000] "POST /api/raw-material/save-details HTTP/1.1" 201 34 "http://localhost:3000/" "Mozilla/5.0 (Macintosh; Intel Mac OS X 10_15_4) AppleWebKit/537.36 (KHTML, like Gecko) Chrome/89.0.4389.114 Safari/537.36"
::1 - - [04/Apr/2021:08:46:41 +0000] "OPTIONS /api/transaction/save-details HTTP/1.1" 204 0 "http://localhost:3000/" "Mozilla/5.0 (Macintosh; Intel Mac OS X 10_15_4) AppleWebKit/537.36 (KHTML, like Gecko) Chrome/89.0.4389.114 Safari/537.36"
::1 - - [04/Apr/2021:08:47:59 +0000] "OPTIONS /api/medicine/save-details HTTP/1.1" 204 0 "http://localhost:3000/" "Mozilla/5.0 (Macintosh; Intel Mac OS X 10_15_4) AppleWebKit/537.36 (KHTML, like Gecko) Chrome/89.0.4389.114 Safari/537.36"
::1 - - [04/Apr/2021:08:48:00 +0000] "POST /api/medicine/save-details HTTP/1.1" 201 34 "http://localhost:3000/" "Mozilla/5.0 (Macintosh; Intel Mac OS X 10_15_4) AppleWebKit/537.36 (KHTML, like Gecko) Chrome/89.0.4389.114 Safari/537.36"
::1 - - [04/Apr/2021:08:48:00 +0000] "OPTIONS /api/raw-material/save-details HTTP/1.1" 204 0 "http://localhost:3000/" "Mozilla/5.0 (Macintosh; Intel Mac OS X 10_15_4) AppleWebKit/537.36 (KHTML, like Gecko) Chrome/89.0.4389.114 Safari/537.36"
::1 - - [04/Apr/2021:08:48:01 +0000] "POST /api/raw-material/save-details HTTP/1.1" 201 34 "http://localhost:3000/" "Mozilla/5.0 (Macintosh; Intel Mac OS X 10_15_4) AppleWebKit/537.36 (KHTML, like Gecko) Chrome/89.0.4389.114 Safari/537.36"
::1 - - [04/Apr/2021:08:48:01 +0000] "OPTIONS /api/transaction/save-details HTTP/1.1" 204 0 "http://localhost:3000/" "Mozilla/5.0 (Macintosh; Intel Mac OS X 10_15_4) AppleWebKit/537.36 (KHTML, like Gecko) Chrome/89.0.4389.114 Safari/537.36"
::1 - - [04/Apr/2021:08:50:12 +0000] "OPTIONS /api/medicine/save-details HTTP/1.1" 204 0 "http://localhost:3000/" "Mozilla/5.0 (Macintosh; Intel Mac OS X 10_15_4) AppleWebKit/537.36 (KHTML, like Gecko) Chrome/89.0.4389.114 Safari/537.36"
::1 - - [04/Apr/2021:08:50:13 +0000] "POST /api/medicine/save-details HTTP/1.1" 201 34 "http://localhost:3000/" "Mozilla/5.0 (Macintosh; Intel Mac OS X 10_15_4) AppleWebKit/537.36 (KHTML, like Gecko) Chrome/89.0.4389.114 Safari/537.36"
::1 - - [04/Apr/2021:08:50:13 +0000] "OPTIONS /api/raw-material/save-details HTTP/1.1" 204 0 "http://localhost:3000/" "Mozilla/5.0 (Macintosh; Intel Mac OS X 10_15_4) AppleWebKit/537.36 (KHTML, like Gecko) Chrome/89.0.4389.114 Safari/537.36"
::1 - - [04/Apr/2021:08:50:13 +0000] "POST /api/raw-material/save-details HTTP/1.1" 201 34 "http://localhost:3000/" "Mozilla/5.0 (Macintosh; Intel Mac OS X 10_15_4) AppleWebKit/537.36 (KHTML, like Gecko) Chrome/89.0.4389.114 Safari/537.36"
::1 - - [04/Apr/2021:08:50:13 +0000] "OPTIONS /api/transaction/save-details HTTP/1.1" 204 0 "http://localhost:3000/" "Mozilla/5.0 (Macintosh; Intel Mac OS X 10_15_4) AppleWebKit/537.36 (KHTML, like Gecko) Chrome/89.0.4389.114 Safari/537.36"
::1 - - [04/Apr/2021:08:50:47 +0000] "OPTIONS /api/medicine/save-details HTTP/1.1" 204 0 "http://localhost:3000/" "Mozilla/5.0 (Macintosh; Intel Mac OS X 10_15_4) AppleWebKit/537.36 (KHTML, like Gecko) Chrome/89.0.4389.114 Safari/537.36"
::1 - - [04/Apr/2021:08:50:48 +0000] "POST /api/medicine/save-details HTTP/1.1" 201 34 "http://localhost:3000/" "Mozilla/5.0 (Macintosh; Intel Mac OS X 10_15_4) AppleWebKit/537.36 (KHTML, like Gecko) Chrome/89.0.4389.114 Safari/537.36"
::1 - - [04/Apr/2021:08:50:48 +0000] "OPTIONS /api/raw-material/save-details HTTP/1.1" 204 0 "http://localhost:3000/" "Mozilla/5.0 (Macintosh; Intel Mac OS X 10_15_4) AppleWebKit/537.36 (KHTML, like Gecko) Chrome/89.0.4389.114 Safari/537.36"
::1 - - [04/Apr/2021:08:50:49 +0000] "POST /api/raw-material/save-details HTTP/1.1" 201 34 "http://localhost:3000/" "Mozilla/5.0 (Macintosh; Intel Mac OS X 10_15_4) AppleWebKit/537.36 (KHTML, like Gecko) Chrome/89.0.4389.114 Safari/537.36"
::1 - - [04/Apr/2021:08:50:49 +0000] "OPTIONS /api/transaction/save-details HTTP/1.1" 204 0 "http://localhost:3000/" "Mozilla/5.0 (Macintosh; Intel Mac OS X 10_15_4) AppleWebKit/537.36 (KHTML, like Gecko) Chrome/89.0.4389.114 Safari/537.36"
::1 - - [04/Apr/2021:08:52:49 +0000] "POST /api/transaction/save-details HTTP/1.1" - - "http://localhost:3000/" "Mozilla/5.0 (Macintosh; Intel Mac OS X 10_15_4) AppleWebKit/537.36 (KHTML, like Gecko) Chrome/89.0.4389.114 Safari/537.36"
::1 - - [04/Apr/2021:08:54:32 +0000] "OPTIONS /api/medicine/save-details HTTP/1.1" 204 0 "http://localhost:3000/" "Mozilla/5.0 (Macintosh; Intel Mac OS X 10_15_4) AppleWebKit/537.36 (KHTML, like Gecko) Chrome/89.0.4389.114 Safari/537.36"
::1 - - [04/Apr/2021:08:54:33 +0000] "POST /api/medicine/save-details HTTP/1.1" 201 34 "http://localhost:3000/" "Mozilla/5.0 (Macintosh; Intel Mac OS X 10_15_4) AppleWebKit/537.36 (KHTML, like Gecko) Chrome/89.0.4389.114 Safari/537.36"
::1 - - [04/Apr/2021:08:54:33 +0000] "OPTIONS /api/raw-material/save-details HTTP/1.1" 204 0 "http://localhost:3000/" "Mozilla/5.0 (Macintosh; Intel Mac OS X 10_15_4) AppleWebKit/537.36 (KHTML, like Gecko) Chrome/89.0.4389.114 Safari/537.36"
::1 - - [04/Apr/2021:08:54:33 +0000] "POST /api/raw-material/save-details HTTP/1.1" 201 34 "http://localhost:3000/" "Mozilla/5.0 (Macintosh; Intel Mac OS X 10_15_4) AppleWebKit/537.36 (KHTML, like Gecko) Chrome/89.0.4389.114 Safari/537.36"
::1 - - [04/Apr/2021:08:54:33 +0000] "OPTIONS /api/transaction/save-details HTTP/1.1" 204 0 "http://localhost:3000/" "Mozilla/5.0 (Macintosh; Intel Mac OS X 10_15_4) AppleWebKit/537.36 (KHTML, like Gecko) Chrome/89.0.4389.114 Safari/537.36"
::1 - - [04/Apr/2021:08:55:51 +0000] "OPTIONS /api/medicine/save-details HTTP/1.1" 204 0 "http://localhost:3000/" "Mozilla/5.0 (Macintosh; Intel Mac OS X 10_15_4) AppleWebKit/537.36 (KHTML, like Gecko) Chrome/89.0.4389.114 Safari/537.36"
::1 - - [04/Apr/2021:08:55:52 +0000] "POST /api/medicine/save-details HTTP/1.1" 201 34 "http://localhost:3000/" "Mozilla/5.0 (Macintosh; Intel Mac OS X 10_15_4) AppleWebKit/537.36 (KHTML, like Gecko) Chrome/89.0.4389.114 Safari/537.36"
::1 - - [04/Apr/2021:08:55:52 +0000] "OPTIONS /api/raw-material/save-details HTTP/1.1" 204 0 "http://localhost:3000/" "Mozilla/5.0 (Macintosh; Intel Mac OS X 10_15_4) AppleWebKit/537.36 (KHTML, like Gecko) Chrome/89.0.4389.114 Safari/537.36"
::1 - - [04/Apr/2021:08:55:52 +0000] "POST /api/raw-material/save-details HTTP/1.1" 201 34 "http://localhost:3000/" "Mozilla/5.0 (Macintosh; Intel Mac OS X 10_15_4) AppleWebKit/537.36 (KHTML, like Gecko) Chrome/89.0.4389.114 Safari/537.36"
::1 - - [04/Apr/2021:08:55:52 +0000] "OPTIONS /api/transaction/save-details HTTP/1.1" 204 0 "http://localhost:3000/" "Mozilla/5.0 (Macintosh; Intel Mac OS X 10_15_4) AppleWebKit/537.36 (KHTML, like Gecko) Chrome/89.0.4389.114 Safari/537.36"
::1 - - [04/Apr/2021:08:55:52 +0000] "POST /api/transaction/save-details HTTP/1.1" 201 34 "http://localhost:3000/" "Mozilla/5.0 (Macintosh; Intel Mac OS X 10_15_4) AppleWebKit/537.36 (KHTML, like Gecko) Chrome/89.0.4389.114 Safari/537.36"
::1 - - [04/Apr/2021:09:00:03 +0000] "OPTIONS /api/medicine/save-details HTTP/1.1" 204 0 "http://localhost:3000/" "Mozilla/5.0 (Macintosh; Intel Mac OS X 10_15_4) AppleWebKit/537.36 (KHTML, like Gecko) Chrome/89.0.4389.114 Safari/537.36"
::1 - - [04/Apr/2021:09:00:04 +0000] "POST /api/medicine/save-details HTTP/1.1" 201 34 "http://localhost:3000/" "Mozilla/5.0 (Macintosh; Intel Mac OS X 10_15_4) AppleWebKit/537.36 (KHTML, like Gecko) Chrome/89.0.4389.114 Safari/537.36"
::1 - - [04/Apr/2021:09:00:04 +0000] "OPTIONS /api/raw-material/save-details HTTP/1.1" 204 0 "http://localhost:3000/" "Mozilla/5.0 (Macintosh; Intel Mac OS X 10_15_4) AppleWebKit/537.36 (KHTML, like Gecko) Chrome/89.0.4389.114 Safari/537.36"
::1 - - [04/Apr/2021:09:00:04 +0000] "POST /api/raw-material/save-details HTTP/1.1" 201 34 "http://localhost:3000/" "Mozilla/5.0 (Macintosh; Intel Mac OS X 10_15_4) AppleWebKit/537.36 (KHTML, like Gecko) Chrome/89.0.4389.114 Safari/537.36"
::1 - - [04/Apr/2021:09:00:04 +0000] "OPTIONS /api/transaction/save-details HTTP/1.1" 204 0 "http://localhost:3000/" "Mozilla/5.0 (Macintosh; Intel Mac OS X 10_15_4) AppleWebKit/537.36 (KHTML, like Gecko) Chrome/89.0.4389.114 Safari/537.36"
::1 - - [04/Apr/2021:09:00:05 +0000] "POST /api/transaction/save-details HTTP/1.1" 201 34 "http://localhost:3000/" "Mozilla/5.0 (Macintosh; Intel Mac OS X 10_15_4) AppleWebKit/537.36 (KHTML, like Gecko) Chrome/89.0.4389.114 Safari/537.36"
::1 - - [04/Apr/2021:09:01:24 +0000] "OPTIONS /api/medicine/save-details HTTP/1.1" 204 0 "http://localhost:3000/" "Mozilla/5.0 (Macintosh; Intel Mac OS X 10_15_4) AppleWebKit/537.36 (KHTML, like Gecko) Chrome/89.0.4389.114 Safari/537.36"
::1 - - [04/Apr/2021:09:01:25 +0000] "POST /api/medicine/save-details HTTP/1.1" 201 34 "http://localhost:3000/" "Mozilla/5.0 (Macintosh; Intel Mac OS X 10_15_4) AppleWebKit/537.36 (KHTML, like Gecko) Chrome/89.0.4389.114 Safari/537.36"
::1 - - [04/Apr/2021:09:01:25 +0000] "OPTIONS /api/raw-material/save-details HTTP/1.1" 204 0 "http://localhost:3000/" "Mozilla/5.0 (Macintosh; Intel Mac OS X 10_15_4) AppleWebKit/537.36 (KHTML, like Gecko) Chrome/89.0.4389.114 Safari/537.36"
::1 - - [04/Apr/2021:09:01:25 +0000] "POST /api/raw-material/save-details HTTP/1.1" 201 34 "http://localhost:3000/" "Mozilla/5.0 (Macintosh; Intel Mac OS X 10_15_4) AppleWebKit/537.36 (KHTML, like Gecko) Chrome/89.0.4389.114 Safari/537.36"
::1 - - [04/Apr/2021:09:01:25 +0000] "OPTIONS /api/transaction/save-details HTTP/1.1" 204 0 "http://localhost:3000/" "Mozilla/5.0 (Macintosh; Intel Mac OS X 10_15_4) AppleWebKit/537.36 (KHTML, like Gecko) Chrome/89.0.4389.114 Safari/537.36"
::1 - - [04/Apr/2021:09:01:25 +0000] "POST /api/transaction/save-details HTTP/1.1" 201 34 "http://localhost:3000/" "Mozilla/5.0 (Macintosh; Intel Mac OS X 10_15_4) AppleWebKit/537.36 (KHTML, like Gecko) Chrome/89.0.4389.114 Safari/537.36"
::1 - - [04/Apr/2021:09:02:51 +0000] "OPTIONS /api/medicine/save-details HTTP/1.1" 204 0 "http://localhost:3000/" "Mozilla/5.0 (Macintosh; Intel Mac OS X 10_15_4) AppleWebKit/537.36 (KHTML, like Gecko) Chrome/89.0.4389.114 Safari/537.36"
::1 - - [04/Apr/2021:09:02:52 +0000] "POST /api/medicine/save-details HTTP/1.1" 201 34 "http://localhost:3000/" "Mozilla/5.0 (Macintosh; Intel Mac OS X 10_15_4) AppleWebKit/537.36 (KHTML, like Gecko) Chrome/89.0.4389.114 Safari/537.36"
::1 - - [04/Apr/2021:09:02:52 +0000] "OPTIONS /api/raw-material/save-details HTTP/1.1" 204 0 "http://localhost:3000/" "Mozilla/5.0 (Macintosh; Intel Mac OS X 10_15_4) AppleWebKit/537.36 (KHTML, like Gecko) Chrome/89.0.4389.114 Safari/537.36"
::1 - - [04/Apr/2021:09:02:52 +0000] "POST /api/raw-material/save-details HTTP/1.1" 201 34 "http://localhost:3000/" "Mozilla/5.0 (Macintosh; Intel Mac OS X 10_15_4) AppleWebKit/537.36 (KHTML, like Gecko) Chrome/89.0.4389.114 Safari/537.36"
::1 - - [04/Apr/2021:09:02:52 +0000] "OPTIONS /api/transaction/save-details HTTP/1.1" 204 0 "http://localhost:3000/" "Mozilla/5.0 (Macintosh; Intel Mac OS X 10_15_4) AppleWebKit/537.36 (KHTML, like Gecko) Chrome/89.0.4389.114 Safari/537.36"
::1 - - [04/Apr/2021:09:03:14 +0000] "OPTIONS /api/medicine/save-details HTTP/1.1" 204 0 "http://localhost:3000/" "Mozilla/5.0 (Macintosh; Intel Mac OS X 10_15_4) AppleWebKit/537.36 (KHTML, like Gecko) Chrome/89.0.4389.114 Safari/537.36"
::1 - - [04/Apr/2021:09:03:15 +0000] "POST /api/medicine/save-details HTTP/1.1" 201 34 "http://localhost:3000/" "Mozilla/5.0 (Macintosh; Intel Mac OS X 10_15_4) AppleWebKit/537.36 (KHTML, like Gecko) Chrome/89.0.4389.114 Safari/537.36"
::1 - - [04/Apr/2021:09:03:15 +0000] "OPTIONS /api/raw-material/save-details HTTP/1.1" 204 0 "http://localhost:3000/" "Mozilla/5.0 (Macintosh; Intel Mac OS X 10_15_4) AppleWebKit/537.36 (KHTML, like Gecko) Chrome/89.0.4389.114 Safari/537.36"
::1 - - [04/Apr/2021:09:03:15 +0000] "POST /api/raw-material/save-details HTTP/1.1" 201 34 "http://localhost:3000/" "Mozilla/5.0 (Macintosh; Intel Mac OS X 10_15_4) AppleWebKit/537.36 (KHTML, like Gecko) Chrome/89.0.4389.114 Safari/537.36"
::1 - - [04/Apr/2021:09:03:15 +0000] "OPTIONS /api/transaction/save-details HTTP/1.1" 204 0 "http://localhost:3000/" "Mozilla/5.0 (Macintosh; Intel Mac OS X 10_15_4) AppleWebKit/537.36 (KHTML, like Gecko) Chrome/89.0.4389.114 Safari/537.36"
::1 - - [04/Apr/2021:09:04:10 +0000] "OPTIONS /api/medicine/save-details HTTP/1.1" 204 0 "http://localhost:3000/" "Mozilla/5.0 (Macintosh; Intel Mac OS X 10_15_4) AppleWebKit/537.36 (KHTML, like Gecko) Chrome/89.0.4389.114 Safari/537.36"
::1 - - [04/Apr/2021:09:04:10 +0000] "POST /api/medicine/save-details HTTP/1.1" 201 34 "http://localhost:3000/" "Mozilla/5.0 (Macintosh; Intel Mac OS X 10_15_4) AppleWebKit/537.36 (KHTML, like Gecko) Chrome/89.0.4389.114 Safari/537.36"
::1 - - [04/Apr/2021:09:04:10 +0000] "OPTIONS /api/raw-material/save-details HTTP/1.1" 204 0 "http://localhost:3000/" "Mozilla/5.0 (Macintosh; Intel Mac OS X 10_15_4) AppleWebKit/537.36 (KHTML, like Gecko) Chrome/89.0.4389.114 Safari/537.36"
::1 - - [04/Apr/2021:09:04:11 +0000] "POST /api/raw-material/save-details HTTP/1.1" 201 34 "http://localhost:3000/" "Mozilla/5.0 (Macintosh; Intel Mac OS X 10_15_4) AppleWebKit/537.36 (KHTML, like Gecko) Chrome/89.0.4389.114 Safari/537.36"
::1 - - [04/Apr/2021:09:04:11 +0000] "OPTIONS /api/transaction/save-details HTTP/1.1" 204 0 "http://localhost:3000/" "Mozilla/5.0 (Macintosh; Intel Mac OS X 10_15_4) AppleWebKit/537.36 (KHTML, like Gecko) Chrome/89.0.4389.114 Safari/537.36"
::1 - - [04/Apr/2021:09:06:51 +0000] "OPTIONS /api/medicine/save-details HTTP/1.1" 204 0 "http://localhost:3000/" "Mozilla/5.0 (Macintosh; Intel Mac OS X 10_15_4) AppleWebKit/537.36 (KHTML, like Gecko) Chrome/89.0.4389.114 Safari/537.36"
::1 - - [04/Apr/2021:09:06:52 +0000] "POST /api/medicine/save-details HTTP/1.1" 201 34 "http://localhost:3000/" "Mozilla/5.0 (Macintosh; Intel Mac OS X 10_15_4) AppleWebKit/537.36 (KHTML, like Gecko) Chrome/89.0.4389.114 Safari/537.36"
::1 - - [04/Apr/2021:09:06:52 +0000] "OPTIONS /api/raw-material/save-details HTTP/1.1" 204 0 "http://localhost:3000/" "Mozilla/5.0 (Macintosh; Intel Mac OS X 10_15_4) AppleWebKit/537.36 (KHTML, like Gecko) Chrome/89.0.4389.114 Safari/537.36"
::1 - - [04/Apr/2021:09:06:52 +0000] "POST /api/raw-material/save-details HTTP/1.1" 201 34 "http://localhost:3000/" "Mozilla/5.0 (Macintosh; Intel Mac OS X 10_15_4) AppleWebKit/537.36 (KHTML, like Gecko) Chrome/89.0.4389.114 Safari/537.36"
::1 - - [04/Apr/2021:09:06:52 +0000] "OPTIONS /api/transaction/save-details HTTP/1.1" 204 0 "http://localhost:3000/" "Mozilla/5.0 (Macintosh; Intel Mac OS X 10_15_4) AppleWebKit/537.36 (KHTML, like Gecko) Chrome/89.0.4389.114 Safari/537.36"
::1 - - [04/Apr/2021:09:06:53 +0000] "POST /api/transaction/save-details HTTP/1.1" 201 34 "http://localhost:3000/" "Mozilla/5.0 (Macintosh; Intel Mac OS X 10_15_4) AppleWebKit/537.36 (KHTML, like Gecko) Chrome/89.0.4389.114 Safari/537.36"
::1 - - [04/Apr/2021:17:02:11 +0000] "OPTIONS /api/medicine/save-details HTTP/1.1" 204 0 "http://localhost:3000/" "Mozilla/5.0 (Macintosh; Intel Mac OS X 10_15_4) AppleWebKit/537.36 (KHTML, like Gecko) Chrome/89.0.4389.114 Safari/537.36"
::1 - - [04/Apr/2021:17:02:12 +0000] "POST /api/medicine/save-details HTTP/1.1" 201 34 "http://localhost:3000/" "Mozilla/5.0 (Macintosh; Intel Mac OS X 10_15_4) AppleWebKit/537.36 (KHTML, like Gecko) Chrome/89.0.4389.114 Safari/537.36"
::1 - - [04/Apr/2021:17:02:12 +0000] "OPTIONS /api/raw-material/save-details HTTP/1.1" 204 0 "http://localhost:3000/" "Mozilla/5.0 (Macintosh; Intel Mac OS X 10_15_4) AppleWebKit/537.36 (KHTML, like Gecko) Chrome/89.0.4389.114 Safari/537.36"
::1 - - [04/Apr/2021:17:02:13 +0000] "POST /api/raw-material/save-details HTTP/1.1" 201 34 "http://localhost:3000/" "Mozilla/5.0 (Macintosh; Intel Mac OS X 10_15_4) AppleWebKit/537.36 (KHTML, like Gecko) Chrome/89.0.4389.114 Safari/537.36"
::1 - - [04/Apr/2021:17:02:13 +0000] "OPTIONS /api/transaction/save-details HTTP/1.1" 204 0 "http://localhost:3000/" "Mozilla/5.0 (Macintosh; Intel Mac OS X 10_15_4) AppleWebKit/537.36 (KHTML, like Gecko) Chrome/89.0.4389.114 Safari/537.36"
::1 - - [04/Apr/2021:17:02:13 +0000] "POST /api/transaction/save-details HTTP/1.1" 201 34 "http://localhost:3000/" "Mozilla/5.0 (Macintosh; Intel Mac OS X 10_15_4) AppleWebKit/537.36 (KHTML, like Gecko) Chrome/89.0.4389.114 Safari/537.36"
::1 - - [05/Apr/2021:06:39:36 +0000] "OPTIONS /api/raw-material/save-details HTTP/1.1" 204 0 "http://localhost:3000/" "Mozilla/5.0 (Macintosh; Intel Mac OS X 10_15_4) AppleWebKit/537.36 (KHTML, like Gecko) Chrome/89.0.4389.114 Safari/537.36"
::1 - - [05/Apr/2021:06:39:37 +0000] "POST /api/raw-material/save-details HTTP/1.1" 201 34 "http://localhost:3000/" "Mozilla/5.0 (Macintosh; Intel Mac OS X 10_15_4) AppleWebKit/537.36 (KHTML, like Gecko) Chrome/89.0.4389.114 Safari/537.36"
::1 - - [05/Apr/2021:06:39:37 +0000] "OPTIONS /api/transaction/save-details HTTP/1.1" 204 0 "http://localhost:3000/" "Mozilla/5.0 (Macintosh; Intel Mac OS X 10_15_4) AppleWebKit/537.36 (KHTML, like Gecko) Chrome/89.0.4389.114 Safari/537.36"
::1 - - [05/Apr/2021:06:39:37 +0000] "POST /api/transaction/save-details HTTP/1.1" 201 34 "http://localhost:3000/" "Mozilla/5.0 (Macintosh; Intel Mac OS X 10_15_4) AppleWebKit/537.36 (KHTML, like Gecko) Chrome/89.0.4389.114 Safari/537.36"
::1 - - [05/Apr/2021:06:40:39 +0000] "OPTIONS /api/medicine/save-details HTTP/1.1" 204 0 "http://localhost:3000/" "Mozilla/5.0 (Macintosh; Intel Mac OS X 10_15_4) AppleWebKit/537.36 (KHTML, like Gecko) Chrome/89.0.4389.114 Safari/537.36"
::1 - - [05/Apr/2021:06:40:39 +0000] "POST /api/medicine/save-details HTTP/1.1" 201 34 "http://localhost:3000/" "Mozilla/5.0 (Macintosh; Intel Mac OS X 10_15_4) AppleWebKit/537.36 (KHTML, like Gecko) Chrome/89.0.4389.114 Safari/537.36"
::1 - - [05/Apr/2021:06:40:39 +0000] "OPTIONS /api/transaction/save-details HTTP/1.1" 204 0 "http://localhost:3000/" "Mozilla/5.0 (Macintosh; Intel Mac OS X 10_15_4) AppleWebKit/537.36 (KHTML, like Gecko) Chrome/89.0.4389.114 Safari/537.36"
::1 - - [05/Apr/2021:06:40:40 +0000] "POST /api/transaction/save-details HTTP/1.1" 201 34 "http://localhost:3000/" "Mozilla/5.0 (Macintosh; Intel Mac OS X 10_15_4) AppleWebKit/537.36 (KHTML, like Gecko) Chrome/89.0.4389.114 Safari/537.36"
